<?xml version="1.0" encoding="UTF-8"?>
<testsuite xmlns:xsi="http://www.w3.org/2001/XMLSchema-instance" xsi:noNamespaceSchemaLocation="https://maven.apache.org/surefire/maven-surefire-plugin/xsd/surefire-test-report.xsd" version="3.0.2" name="br.edu.ifpr.boletim.ParticipacaoTest" time="0.02" tests="4" errors="0" skipped="0" failures="0" flakes="0">
  <properties>
[...]
</properties>
  <testcase name="deveDarZeroQuandoNaoFezNenhumaAcao" classname="br.edu.ifpr.boletim.ParticipacaoTest" time="0.004"/>
  <testcase name="deveSomarTresPontosQuandoFezAsDuasAcoes" classname="br.edu.ifpr.boletim.ParticipacaoTest" time="0.005"/>
  <testcase name="deveDarDoisPontosQuandoEntregouAtividade" classname="br.edu.ifpr.boletim.ParticipacaoTest" time="0.002"/>
  <testcase name="deveDarUmPontoQuandoParticipouDaAula" classname="br.edu.ifpr.boletim.ParticipacaoTest" time="0.002"/>
</testsuite>